000 (1081.000.000) 07/22 16:08:06 Job submitted from host: <10.37.0.18:46999?addrs=10.37.0.18-46999>
...
000 (1082.000.000) 07/22 16:08:14 Job submitted from host: <10.37.0.18:46999?addrs=10.37.0.18-46999>
...
001 (1082.000.000) 07/22 16:08:19 Job executing on host: <10.37.0.62:36420?addrs=10.37.0.62-36420>
...
001 (1081.000.000) 07/22 16:08:19 Job executing on host: <10.37.0.62:36420?addrs=10.37.0.62-36420>
...
006 (1082.000.000) 07/22 16:08:27 Image size of job updated: 95184
	0  -  MemoryUsage of job (MB)
	0  -  ResidentSetSize of job (KB)
...
005 (1082.000.000) 07/22 16:08:27 Job terminated.
	(1) Normal termination (return value 1)
		Usr 0 00:00:00, Sys 0 00:00:00  -  Run Remote Usage
		Usr 0 00:00:00, Sys 0 00:00:00  -  Run Local Usage
		Usr 0 00:00:00, Sys 0 00:00:00  -  Total Remote Usage
		Usr 0 00:00:00, Sys 0 00:00:00  -  Total Local Usage
	0  -  Run Bytes Sent By Job
	0  -  Run Bytes Received By Job
	0  -  Total Bytes Sent By Job
	0  -  Total Bytes Received By Job
	Partitionable Resources :    Usage  Request Allocated
	   Cpus                 :                 1         3
	   Disk (KB)            :        4        4 103889447
	   Gpus                 :                           1
	   Memory (MB)          :        0        1     64461
...
006 (1081.000.000) 07/22 16:08:28 Image size of job updated: 4
	0  -  MemoryUsage of job (MB)
	0  -  ResidentSetSize of job (KB)
...
005 (1081.000.000) 07/22 16:08:28 Job terminated.
	(1) Normal termination (return value 1)
		Usr 0 00:00:01, Sys 0 00:00:01  -  Run Remote Usage
		Usr 0 00:00:00, Sys 0 00:00:00  -  Run Local Usage
		Usr 0 00:00:01, Sys 0 00:00:01  -  Total Remote Usage
		Usr 0 00:00:00, Sys 0 00:00:00  -  Total Local Usage
	0  -  Run Bytes Sent By Job
	0  -  Run Bytes Received By Job
	0  -  Total Bytes Sent By Job
	0  -  Total Bytes Received By Job
	Partitionable Resources :    Usage  Request Allocated
	   Cpus                 :                 1         3
	   Disk (KB)            :        4        4 103889447
	   Gpus                 :                           1
	   Memory (MB)          :        0        1     64461
...
